狀態 25 衝突：1 項縮減/縮減
狀態 39 衝突：1 項縮減/縮減
狀態 40 衝突：1 項縮減/縮減
狀態 41 衝突：1 項縮減/縮減
狀態 45 衝突：1 項偏移/縮減
狀態 106 衝突：1 項偏移/縮減，1 項縮減/縮減
狀態 111 衝突：1 項偏移/縮減


文法

    0 $accept: Program $end

    1 Program: StatementList

    2 StatementList: StatementList Statement
    3              | Statement

    4 Statement: DeclatationStmt NEWLINE
    5          | SimpleStmt NEWLINE
    6          | Block NEWLINE
    7          | IfStmt NEWLINE
    8          | ForStmt NEWLINE
    9          | PrintStmt NEWLINE
   10          | NEWLINE

   11 DeclatationStmt: VAR ID TypeName
   12                | VAR ID TypeName ASSIGN Expression
   13                | VAR ID ArrayType
   14                | VAR ID ArrayType ASSIGN Expression

   15 Type: TypeName
   16     | ArrayType

   17 TypeName: INT
   18         | FLOAT
   19         | STRING
   20         | BOOL

   21 ArrayType: '[' Expression ']' Type

   22 boolexp: Expression

   23 Expression: EL
   24           | boolexp LAND Expression
   25           | Expression LOR boolexp

   26 $@1: %empty

   27 EL: EL GTR Term $@1

   28 $@2: %empty

   29 EL: EL LSS Term $@2

   30 $@3: %empty

   31 EL: EL GEQ Term $@3

   32 $@4: %empty

   33 EL: EL LEQ Term $@4

   34 $@5: %empty

   35 EL: EL EQL Term $@5

   36 $@6: %empty

   37 EL: EL NEQ Term $@6
   38   | EL ADD Term
   39   | EL SUB Term
   40   | Term

   41 Term: Term MUL factor
   42     | Term QUO factor
   43     | Term REM factor
   44     | factor

   45 factor: Operand
   46       | INT '(' factor ')'
   47       | FLOAT '(' factor ')'
   48       | ADD factor
   49       | SUB factor
   50       | NOT factor

   51 $@7: %empty

   52 factor: factor $@7 '[' Expression ']'

   53 Operand: Literal
   54        | ID
   55        | '(' Expression ')'

   56 Literal: INT_LIT
   57        | FLOAT_LIT
   58        | TRUE
   59        | FALSE
   60        | '"' STRING_LIT '"'

   61 SimpleStmt: AssignmentStmt
   62           | ExpressionStmt
   63           | IncDecStmt

   64 $@8: %empty

   65 AssignmentStmt: Expression $@8 ASSIGN EL

   66 $@9: %empty

   67 AssignmentStmt: Expression $@9 ADD_ASSIGN EL
   68               | Expression SUB_ASSIGN EL
   69               | Expression MUL_ASSIGN EL
   70               | Expression QUO_ASSIGN EL
   71               | Expression REM_ASSIGN EL

   72 ExpressionStmt: Expression

   73 IncDecStmt: Expression INC
   74           | Expression DEC

   75 $@10: %empty

   76 Block: '{' $@10 StatementList '}'

   77 IfStmt: IF Condition Block
   78       | IF Condition Block ELSE Block
   79       | IF Condition Block ELSE IfStmt

   80 $@11: %empty

   81 Condition: boolexp $@11

   82 ForStmt: FOR Condition Block
   83        | FOR ForClause Block

   84 ForClause: InitStmt ';' Condition ';' PostStmt

   85 InitStmt: SimpleStmt

   86 PostStmt: SimpleStmt

   87 PrintStmt: PRINT '(' Expression ')'
   88          | PRINTLN '(' Expression ')'


終結語詞，附有它們出現處的規則

$end (0) 0
'"' (34) 60
'(' (40) 46 47 55 87 88
')' (41) 46 47 55 87 88
';' (59) 84
'[' (91) 21 52
']' (93) 21 52
'{' (123) 76
'}' (125) 76
error (256)
GTR (258) 27
LSS (259) 29
GEQ (260) 31
LEQ (261) 33
EQL (262) 35
NEQ (263) 37
ADD (264) 38 48
SUB (265) 39 49
MUL (266) 41
QUO (267) 42
REM (268) 43
INC (269) 73
DEC (270) 74
ASSIGN (271) 12 14 65
ADD_ASSIGN (272) 67
SUB_ASSIGN (273) 68
MUL_ASSIGN (274) 69
QUO_ASSIGN (275) 70
REM_ASSIGN (276) 71
LAND (277) 24
LOR (278) 25
NOT (279) 50
NEWLINE (280) 4 5 6 7 8 9 10
PRINT (281) 87
PRINTLN (282) 88
IF (283) 77 78 79
ELSE (284) 78 79
FOR (285) 82 83
INT (286) 17 46
FLOAT (287) 18 47
BOOL (288) 20
TRUE (289) 58
FALSE (290) 59
STRING (291) 19
VAR (292) 11 12 13 14
INT_LIT (293) 56
FLOAT_LIT (294) 57
STRING_LIT (295) 60
ID (296) 11 12 13 14 54


非終結語詞，附有它們出現處的規則

$accept (50)
    於左側： 0
Program (51)
    於左側： 1, 於右側： 0
StatementList (52)
    於左側： 2 3, 於右側： 1 2 76
Statement (53)
    於左側： 4 5 6 7 8 9 10, 於右側： 2 3
DeclatationStmt (54)
    於左側： 11 12 13 14, 於右側： 4
Type (55)
    於左側： 15 16, 於右側： 21
TypeName (56)
    於左側： 17 18 19 20, 於右側： 11 12 15
ArrayType (57)
    於左側： 21, 於右側： 13 14 16
boolexp (58)
    於左側： 22, 於右側： 24 25 81
Expression (59)
    於左側： 23 24 25, 於右側： 12 14 21 22 24 25 52 55 65
    67 68 69 70 71 72 73 74 87 88
EL (60)
    於左側： 27 29 31 33 35 37 38 39 40, 於右側： 23 27 29
    31 33 35 37 38 39 65 67 68 69 70 71
$@1 (61)
    於左側： 26, 於右側： 27
$@2 (62)
    於左側： 28, 於右側： 29
$@3 (63)
    於左側： 30, 於右側： 31
$@4 (64)
    於左側： 32, 於右側： 33
$@5 (65)
    於左側： 34, 於右側： 35
$@6 (66)
    於左側： 36, 於右側： 37
Term (67)
    於左側： 41 42 43 44, 於右側： 27 29 31 33 35 37 38 39
    40 41 42 43
factor (68)
    於左側： 45 46 47 48 49 50 52, 於右側： 41 42 43 44 46
    47 48 49 50 52
$@7 (69)
    於左側： 51, 於右側： 52
Operand (70)
    於左側： 53 54 55, 於右側： 45
Literal (71)
    於左側： 56 57 58 59 60, 於右側： 53
SimpleStmt (72)
    於左側： 61 62 63, 於右側： 5 85 86
AssignmentStmt (73)
    於左側： 65 67 68 69 70 71, 於右側： 61
$@8 (74)
    於左側： 64, 於右側： 65
$@9 (75)
    於左側： 66, 於右側： 67
ExpressionStmt (76)
    於左側： 72, 於右側： 62
IncDecStmt (77)
    於左側： 73 74, 於右側： 63
Block (78)
    於左側： 76, 於右側： 6 77 78 79 82 83
$@10 (79)
    於左側： 75, 於右側： 76
IfStmt (80)
    於左側： 77 78 79, 於右側： 7 79
Condition (81)
    於左側： 81, 於右側： 77 78 79 82 84
$@11 (82)
    於左側： 80, 於右側： 81
ForStmt (83)
    於左側： 82 83, 於右側： 8
ForClause (84)
    於左側： 84, 於右側： 83
InitStmt (85)
    於左側： 85, 於右側： 84
PostStmt (86)
    於左側： 86, 於右側： 84
PrintStmt (87)
    於左側： 87 88, 於右側： 9


狀態 0

    0 $accept: . Program $end

    ADD        偏移，並進入狀態 1
    SUB        偏移，並進入狀態 2
    NOT        偏移，並進入狀態 3
    NEWLINE    偏移，並進入狀態 4
    PRINT      偏移，並進入狀態 5
    PRINTLN    偏移，並進入狀態 6
    IF         偏移，並進入狀態 7
    FOR        偏移，並進入狀態 8
    INT        偏移，並進入狀態 9
    FLOAT      偏移，並進入狀態 10
    TRUE       偏移，並進入狀態 11
    FALSE      偏移，並進入狀態 12
    VAR        偏移，並進入狀態 13
    INT_LIT    偏移，並進入狀態 14
    FLOAT_LIT  偏移，並進入狀態 15
    ID         偏移，並進入狀態 16
    '('        偏移，並進入狀態 17
    '"'        偏移，並進入狀態 18
    '{'        偏移，並進入狀態 19

    Program          進入狀態 20
    StatementList    進入狀態 21
    Statement        進入狀態 22
    DeclatationStmt  進入狀態 23
    boolexp          進入狀態 24
    Expression       進入狀態 25
    EL               進入狀態 26
    Term             進入狀態 27
    factor           進入狀態 28
    Operand          進入狀態 29
    Literal          進入狀態 30
    SimpleStmt       進入狀態 31
    AssignmentStmt   進入狀態 32
    ExpressionStmt   進入狀態 33
    IncDecStmt       進入狀態 34
    Block            進入狀態 35
    IfStmt           進入狀態 36
    ForStmt          進入狀態 37
    PrintStmt        進入狀態 38


狀態 1

   48 factor: ADD . factor

    ADD        偏移，並進入狀態 1
    SUB        偏移，並進入狀態 2
    NOT        偏移，並進入狀態 3
    INT        偏移，並進入狀態 9
    FLOAT      偏移，並進入狀態 10
    TRUE       偏移，並進入狀態 11
    FALSE      偏移，並進入狀態 12
    INT_LIT    偏移，並進入狀態 14
    FLOAT_LIT  偏移，並進入狀態 15
    ID         偏移，並進入狀態 16
    '('        偏移，並進入狀態 17
    '"'        偏移，並進入狀態 18

    factor   進入狀態 39
    Operand  進入狀態 29
    Literal  進入狀態 30


狀態 2

   49 factor: SUB . factor

    ADD        偏移，並進入狀態 1
    SUB        偏移，並進入狀態 2
    NOT        偏移，並進入狀態 3
    INT        偏移，並進入狀態 9
    FLOAT      偏移，並進入狀態 10
    TRUE       偏移，並進入狀態 11
    FALSE      偏移，並進入狀態 12
    INT_LIT    偏移，並進入狀態 14
    FLOAT_LIT  偏移，並進入狀態 15
    ID         偏移，並進入狀態 16
    '('        偏移，並進入狀態 17
    '"'        偏移，並進入狀態 18

    factor   進入狀態 40
    Operand  進入狀態 29
    Literal  進入狀態 30


狀態 3

   50 factor: NOT . factor

    ADD        偏移，並進入狀態 1
    SUB        偏移，並進入狀態 2
    NOT        偏移，並進入狀態 3
    INT        偏移，並進入狀態 9
    FLOAT      偏移，並進入狀態 10
    TRUE       偏移，並進入狀態 11
    FALSE      偏移，並進入狀態 12
    INT_LIT    偏移，並進入狀態 14
    FLOAT_LIT  偏移，並進入狀態 15
    ID         偏移，並進入狀態 16
    '('        偏移，並進入狀態 17
    '"'        偏移，並進入狀態 18

    factor   進入狀態 41
    Operand  進入狀態 29
    Literal  進入狀態 30


狀態 4

   10 Statement: NEWLINE .

    $預設  使用規則 10 以縮減 (Statement)


狀態 5

   87 PrintStmt: PRINT . '(' Expression ')'

    '('  偏移，並進入狀態 42


狀態 6

   88 PrintStmt: PRINTLN . '(' Expression ')'

    '('  偏移，並進入狀態 43


狀態 7

   77 IfStmt: IF . Condition Block
   78       | IF . Condition Block ELSE Block
   79       | IF . Condition Block ELSE IfStmt

    ADD        偏移，並進入狀態 1
    SUB        偏移，並進入狀態 2
    NOT        偏移，並進入狀態 3
    INT        偏移，並進入狀態 9
    FLOAT      偏移，並進入狀態 10
    TRUE       偏移，並進入狀態 11
    FALSE      偏移，並進入狀態 12
    INT_LIT    偏移，並進入狀態 14
    FLOAT_LIT  偏移，並進入狀態 15
    ID         偏移，並進入狀態 16
    '('        偏移，並進入狀態 17
    '"'        偏移，並進入狀態 18

    boolexp     進入狀態 44
    Expression  進入狀態 45
    EL          進入狀態 26
    Term        進入狀態 27
    factor      進入狀態 28
    Operand     進入狀態 29
    Literal     進入狀態 30
    Condition   進入狀態 46


狀態 8

   82 ForStmt: FOR . Condition Block
   83        | FOR . ForClause Block

    ADD        偏移，並進入狀態 1
    SUB        偏移，並進入狀態 2
    NOT        偏移，並進入狀態 3
    INT        偏移，並進入狀態 9
    FLOAT      偏移，並進入狀態 10
    TRUE       偏移，並進入狀態 11
    FALSE      偏移，並進入狀態 12
    INT_LIT    偏移，並進入狀態 14
    FLOAT_LIT  偏移，並進入狀態 15
    ID         偏移，並進入狀態 16
    '('        偏移，並進入狀態 17
    '"'        偏移，並進入狀態 18

    boolexp         進入狀態 44
    Expression      進入狀態 25
    EL              進入狀態 26
    Term            進入狀態 27
    factor          進入狀態 28
    Operand         進入狀態 29
    Literal         進入狀態 30
    SimpleStmt      進入狀態 47
    AssignmentStmt  進入狀態 32
    ExpressionStmt  進入狀態 33
    IncDecStmt      進入狀態 34
    Condition       進入狀態 48
    ForClause       進入狀態 49
    InitStmt        進入狀態 50


狀態 9

   46 factor: INT . '(' factor ')'

    '('  偏移，並進入狀態 51


狀態 10

   47 factor: FLOAT . '(' factor ')'

    '('  偏移，並進入狀態 52


狀態 11

   58 Literal: TRUE .

    $預設  使用規則 58 以縮減 (Literal)


狀態 12

   59 Literal: FALSE .

    $預設  使用規則 59 以縮減 (Literal)


狀態 13

   11 DeclatationStmt: VAR . ID TypeName
   12                | VAR . ID TypeName ASSIGN Expression
   13                | VAR . ID ArrayType
   14                | VAR . ID ArrayType ASSIGN Expression

    ID  偏移，並進入狀態 53


狀態 14

   56 Literal: INT_LIT .

    $預設  使用規則 56 以縮減 (Literal)


狀態 15

   57 Literal: FLOAT_LIT .

    $預設  使用規則 57 以縮減 (Literal)


狀態 16

   54 Operand: ID .

    $預設  使用規則 54 以縮減 (Operand)


狀態 17

   55 Operand: '(' . Expression ')'

    ADD        偏移，並進入狀態 1
    SUB        偏移，並進入狀態 2
    NOT        偏移，並進入狀態 3
    INT        偏移，並進入狀態 9
    FLOAT      偏移，並進入狀態 10
    TRUE       偏移，並進入狀態 11
    FALSE      偏移，並進入狀態 12
    INT_LIT    偏移，並進入狀態 14
    FLOAT_LIT  偏移，並進入狀態 15
    ID         偏移，並進入狀態 16
    '('        偏移，並進入狀態 17
    '"'        偏移，並進入狀態 18

    boolexp     進入狀態 24
    Expression  進入狀態 54
    EL          進入狀態 26
    Term        進入狀態 27
    factor      進入狀態 28
    Operand     進入狀態 29
    Literal     進入狀態 30


狀態 18

   60 Literal: '"' . STRING_LIT '"'

    STRING_LIT  偏移，並進入狀態 55


狀態 19

   76 Block: '{' . $@10 StatementList '}'

    $預設  使用規則 75 以縮減 ($@10)

    $@10  進入狀態 56


狀態 20

    0 $accept: Program . $end

    $end  偏移，並進入狀態 57


狀態 21

    1 Program: StatementList .
    2 StatementList: StatementList . Statement

    ADD        偏移，並進入狀態 1
    SUB        偏移，並進入狀態 2
    NOT        偏移，並進入狀態 3
    NEWLINE    偏移，並進入狀態 4
    PRINT      偏移，並進入狀態 5
    PRINTLN    偏移，並進入狀態 6
    IF         偏移，並進入狀態 7
    FOR        偏移，並進入狀態 8
    INT        偏移，並進入狀態 9
    FLOAT      偏移，並進入狀態 10
    TRUE       偏移，並進入狀態 11
    FALSE      偏移，並進入狀態 12
    VAR        偏移，並進入狀態 13
    INT_LIT    偏移，並進入狀態 14
    FLOAT_LIT  偏移，並進入狀態 15
    ID         偏移，並進入狀態 16
    '('        偏移，並進入狀態 17
    '"'        偏移，並進入狀態 18
    '{'        偏移，並進入狀態 19

    $預設  使用規則 1 以縮減 (Program)

    Statement        進入狀態 58
    DeclatationStmt  進入狀態 23
    boolexp          進入狀態 24
    Expression       進入狀態 25
    EL               進入狀態 26
    Term             進入狀態 27
    factor           進入狀態 28
    Operand          進入狀態 29
    Literal          進入狀態 30
    SimpleStmt       進入狀態 31
    AssignmentStmt   進入狀態 32
    ExpressionStmt   進入狀態 33
    IncDecStmt       進入狀態 34
    Block            進入狀態 35
    IfStmt           進入狀態 36
    ForStmt          進入狀態 37
    PrintStmt        進入狀態 38


狀態 22

    3 StatementList: Statement .

    $預設  使用規則 3 以縮減 (StatementList)


狀態 23

    4 Statement: DeclatationStmt . NEWLINE

    NEWLINE  偏移，並進入狀態 59


狀態 24

   24 Expression: boolexp . LAND Expression

    LAND  偏移，並進入狀態 60


狀態 25

   22 boolexp: Expression .
   25 Expression: Expression . LOR boolexp
   65 AssignmentStmt: Expression . $@8 ASSIGN EL
   67               | Expression . $@9 ADD_ASSIGN EL
   68               | Expression . SUB_ASSIGN EL
   69               | Expression . MUL_ASSIGN EL
   70               | Expression . QUO_ASSIGN EL
   71               | Expression . REM_ASSIGN EL
   72 ExpressionStmt: Expression .
   73 IncDecStmt: Expression . INC
   74           | Expression . DEC

    INC         偏移，並進入狀態 61
    DEC         偏移，並進入狀態 62
    SUB_ASSIGN  偏移，並進入狀態 63
    MUL_ASSIGN  偏移，並進入狀態 64
    QUO_ASSIGN  偏移，並進入狀態 65
    REM_ASSIGN  偏移，並進入狀態 66
    LOR         偏移，並進入狀態 67

    ASSIGN      使用規則 64 以縮減 ($@8)
    ADD_ASSIGN  使用規則 66 以縮減 ($@9)
    NEWLINE     使用規則 72 以縮減 (ExpressionStmt)
    '{'         使用規則 22 以縮減 (boolexp)
    '{'         [使用規則 72 以縮減 (ExpressionStmt)]
    ';'         使用規則 72 以縮減 (ExpressionStmt)
    $預設     使用規則 22 以縮減 (boolexp)

    $@8  進入狀態 68
    $@9  進入狀態 69


狀態 26

   23 Expression: EL .
   27 EL: EL . GTR Term $@1
   29   | EL . LSS Term $@2
   31   | EL . GEQ Term $@3
   33   | EL . LEQ Term $@4
   35   | EL . EQL Term $@5
   37   | EL . NEQ Term $@6
   38   | EL . ADD Term
   39   | EL . SUB Term

    GTR  偏移，並進入狀態 70
    LSS  偏移，並進入狀態 71
    GEQ  偏移，並進入狀態 72
    LEQ  偏移，並進入狀態 73
    EQL  偏移，並進入狀態 74
    NEQ  偏移，並進入狀態 75
    ADD  偏移，並進入狀態 76
    SUB  偏移，並進入狀態 77

    $預設  使用規則 23 以縮減 (Expression)


狀態 27

   40 EL: Term .
   41 Term: Term . MUL factor
   42     | Term . QUO factor
   43     | Term . REM factor

    MUL  偏移，並進入狀態 78
    QUO  偏移，並進入狀態 79
    REM  偏移，並進入狀態 80

    $預設  使用規則 40 以縮減 (EL)


狀態 28

   44 Term: factor .
   52 factor: factor . $@7 '[' Expression ']'

    '['      使用規則 51 以縮減 ($@7)
    $預設  使用規則 44 以縮減 (Term)

    $@7  進入狀態 81


狀態 29

   45 factor: Operand .

    $預設  使用規則 45 以縮減 (factor)


狀態 30

   53 Operand: Literal .

    $預設  使用規則 53 以縮減 (Operand)


狀態 31

    5 Statement: SimpleStmt . NEWLINE

    NEWLINE  偏移，並進入狀態 82


狀態 32

   61 SimpleStmt: AssignmentStmt .

    $預設  使用規則 61 以縮減 (SimpleStmt)


狀態 33

   62 SimpleStmt: ExpressionStmt .

    $預設  使用規則 62 以縮減 (SimpleStmt)


狀態 34

   63 SimpleStmt: IncDecStmt .

    $預設  使用規則 63 以縮減 (SimpleStmt)


狀態 35

    6 Statement: Block . NEWLINE

    NEWLINE  偏移，並進入狀態 83


狀態 36

    7 Statement: IfStmt . NEWLINE

    NEWLINE  偏移，並進入狀態 84


狀態 37

    8 Statement: ForStmt . NEWLINE

    NEWLINE  偏移，並進入狀態 85


狀態 38

    9 Statement: PrintStmt . NEWLINE

    NEWLINE  偏移，並進入狀態 86


狀態 39

   48 factor: ADD factor .
   52       | factor . $@7 '[' Expression ']'

    '['      使用規則 48 以縮減 (factor)
    '['      [使用規則 51 以縮減 ($@7)]
    $預設  使用規則 48 以縮減 (factor)

    $@7  進入狀態 81


狀態 40

   49 factor: SUB factor .
   52       | factor . $@7 '[' Expression ']'

    '['      使用規則 49 以縮減 (factor)
    '['      [使用規則 51 以縮減 ($@7)]
    $預設  使用規則 49 以縮減 (factor)

    $@7  進入狀態 81


狀態 41

   50 factor: NOT factor .
   52       | factor . $@7 '[' Expression ']'

    '['      使用規則 50 以縮減 (factor)
    '['      [使用規則 51 以縮減 ($@7)]
    $預設  使用規則 50 以縮減 (factor)

    $@7  進入狀態 81


狀態 42

   87 PrintStmt: PRINT '(' . Expression ')'

    ADD        偏移，並進入狀態 1
    SUB        偏移，並進入狀態 2
    NOT        偏移，並進入狀態 3
    INT        偏移，並進入狀態 9
    FLOAT      偏移，並進入狀態 10
    TRUE       偏移，並進入狀態 11
    FALSE      偏移，並進入狀態 12
    INT_LIT    偏移，並進入狀態 14
    FLOAT_LIT  偏移，並進入狀態 15
    ID         偏移，並進入狀態 16
    '('        偏移，並進入狀態 17
    '"'        偏移，並進入狀態 18

    boolexp     進入狀態 24
    Expression  進入狀態 87
    EL          進入狀態 26
    Term        進入狀態 27
    factor      進入狀態 28
    Operand     進入狀態 29
    Literal     進入狀態 30


狀態 43

   88 PrintStmt: PRINTLN '(' . Expression ')'

    ADD        偏移，並進入狀態 1
    SUB        偏移，並進入狀態 2
    NOT        偏移，並進入狀態 3
    INT        偏移，並進入狀態 9
    FLOAT      偏移，並進入狀態 10
    TRUE       偏移，並進入狀態 11
    FALSE      偏移，並進入狀態 12
    INT_LIT    偏移，並進入狀態 14
    FLOAT_LIT  偏移，並進入狀態 15
    ID         偏移，並進入狀態 16
    '('        偏移，並進入狀態 17
    '"'        偏移，並進入狀態 18

    boolexp     進入狀態 24
    Expression  進入狀態 88
    EL          進入狀態 26
    Term        進入狀態 27
    factor      進入狀態 28
    Operand     進入狀態 29
    Literal     進入狀態 30


狀態 44

   24 Expression: boolexp . LAND Expression
   81 Condition: boolexp . $@11

    LAND  偏移，並進入狀態 60

    $預設  使用規則 80 以縮減 ($@11)

    $@11  進入狀態 89


狀態 45

   22 boolexp: Expression .
   25 Expression: Expression . LOR boolexp

    LOR  偏移，並進入狀態 67

    LOR      [使用規則 22 以縮減 (boolexp)]
    $預設  使用規則 22 以縮減 (boolexp)


狀態 46

   77 IfStmt: IF Condition . Block
   78       | IF Condition . Block ELSE Block
   79       | IF Condition . Block ELSE IfStmt

    '{'  偏移，並進入狀態 19

    Block  進入狀態 90


狀態 47

   85 InitStmt: SimpleStmt .

    $預設  使用規則 85 以縮減 (InitStmt)


狀態 48

   82 ForStmt: FOR Condition . Block

    '{'  偏移，並進入狀態 19

    Block  進入狀態 91


狀態 49

   83 ForStmt: FOR ForClause . Block

    '{'  偏移，並進入狀態 19

    Block  進入狀態 92


狀態 50

   84 ForClause: InitStmt . ';' Condition ';' PostStmt

    ';'  偏移，並進入狀態 93


狀態 51

   46 factor: INT '(' . factor ')'

    ADD        偏移，並進入狀態 1
    SUB        偏移，並進入狀態 2
    NOT        偏移，並進入狀態 3
    INT        偏移，並進入狀態 9
    FLOAT      偏移，並進入狀態 10
    TRUE       偏移，並進入狀態 11
    FALSE      偏移，並進入狀態 12
    INT_LIT    偏移，並進入狀態 14
    FLOAT_LIT  偏移，並進入狀態 15
    ID         偏移，並進入狀態 16
    '('        偏移，並進入狀態 17
    '"'        偏移，並進入狀態 18

    factor   進入狀態 94
    Operand  進入狀態 29
    Literal  進入狀態 30


狀態 52

   47 factor: FLOAT '(' . factor ')'

    ADD        偏移，並進入狀態 1
    SUB        偏移，並進入狀態 2
    NOT        偏移，並進入狀態 3
    INT        偏移，並進入狀態 9
    FLOAT      偏移，並進入狀態 10
    TRUE       偏移，並進入狀態 11
    FALSE      偏移，並進入狀態 12
    INT_LIT    偏移，並進入狀態 14
    FLOAT_LIT  偏移，並進入狀態 15
    ID         偏移，並進入狀態 16
    '('        偏移，並進入狀態 17
    '"'        偏移，並進入狀態 18

    factor   進入狀態 95
    Operand  進入狀態 29
    Literal  進入狀態 30


狀態 53

   11 DeclatationStmt: VAR ID . TypeName
   12                | VAR ID . TypeName ASSIGN Expression
   13                | VAR ID . ArrayType
   14                | VAR ID . ArrayType ASSIGN Expression

    INT     偏移，並進入狀態 96
    FLOAT   偏移，並進入狀態 97
    BOOL    偏移，並進入狀態 98
    STRING  偏移，並進入狀態 99
    '['     偏移，並進入狀態 100

    TypeName   進入狀態 101
    ArrayType  進入狀態 102


狀態 54

   22 boolexp: Expression .
   25 Expression: Expression . LOR boolexp
   55 Operand: '(' Expression . ')'

    LOR  偏移，並進入狀態 67
    ')'  偏移，並進入狀態 103

    $預設  使用規則 22 以縮減 (boolexp)


狀態 55

   60 Literal: '"' STRING_LIT . '"'

    '"'  偏移，並進入狀態 104


狀態 56

   76 Block: '{' $@10 . StatementList '}'

    ADD        偏移，並進入狀態 1
    SUB        偏移，並進入狀態 2
    NOT        偏移，並進入狀態 3
    NEWLINE    偏移，並進入狀態 4
    PRINT      偏移，並進入狀態 5
    PRINTLN    偏移，並進入狀態 6
    IF         偏移，並進入狀態 7
    FOR        偏移，並進入狀態 8
    INT        偏移，並進入狀態 9
    FLOAT      偏移，並進入狀態 10
    TRUE       偏移，並進入狀態 11
    FALSE      偏移，並進入狀態 12
    VAR        偏移，並進入狀態 13
    INT_LIT    偏移，並進入狀態 14
    FLOAT_LIT  偏移，並進入狀態 15
    ID         偏移，並進入狀態 16
    '('        偏移，並進入狀態 17
    '"'        偏移，並進入狀態 18
    '{'        偏移，並進入狀態 19

    StatementList    進入狀態 105
    Statement        進入狀態 22
    DeclatationStmt  進入狀態 23
    boolexp          進入狀態 24
    Expression       進入狀態 25
    EL               進入狀態 26
    Term             進入狀態 27
    factor           進入狀態 28
    Operand          進入狀態 29
    Literal          進入狀態 30
    SimpleStmt       進入狀態 31
    AssignmentStmt   進入狀態 32
    ExpressionStmt   進入狀態 33
    IncDecStmt       進入狀態 34
    Block            進入狀態 35
    IfStmt           進入狀態 36
    ForStmt          進入狀態 37
    PrintStmt        進入狀態 38


狀態 57

    0 $accept: Program $end .

    $預設  接受


狀態 58

    2 StatementList: StatementList Statement .

    $預設  使用規則 2 以縮減 (StatementList)


狀態 59

    4 Statement: DeclatationStmt NEWLINE .

    $預設  使用規則 4 以縮減 (Statement)


狀態 60

   24 Expression: boolexp LAND . Expression

    ADD        偏移，並進入狀態 1
    SUB        偏移，並進入狀態 2
    NOT        偏移，並進入狀態 3
    INT        偏移，並進入狀態 9
    FLOAT      偏移，並進入狀態 10
    TRUE       偏移，並進入狀態 11
    FALSE      偏移，並進入狀態 12
    INT_LIT    偏移，並進入狀態 14
    FLOAT_LIT  偏移，並進入狀態 15
    ID         偏移，並進入狀態 16
    '('        偏移，並進入狀態 17
    '"'        偏移，並進入狀態 18

    boolexp     進入狀態 24
    Expression  進入狀態 106
    EL          進入狀態 26
    Term        進入狀態 27
    factor      進入狀態 28
    Operand     進入狀態 29
    Literal     進入狀態 30


狀態 61

   73 IncDecStmt: Expression INC .

    $預設  使用規則 73 以縮減 (IncDecStmt)


狀態 62

   74 IncDecStmt: Expression DEC .

    $預設  使用規則 74 以縮減 (IncDecStmt)


狀態 63

   68 AssignmentStmt: Expression SUB_ASSIGN . EL

    ADD        偏移，並進入狀態 1
    SUB        偏移，並進入狀態 2
    NOT        偏移，並進入狀態 3
    INT        偏移，並進入狀態 9
    FLOAT      偏移，並進入狀態 10
    TRUE       偏移，並進入狀態 11
    FALSE      偏移，並進入狀態 12
    INT_LIT    偏移，並進入狀態 14
    FLOAT_LIT  偏移，並進入狀態 15
    ID         偏移，並進入狀態 16
    '('        偏移，並進入狀態 17
    '"'        偏移，並進入狀態 18

    EL       進入狀態 107
    Term     進入狀態 27
    factor   進入狀態 28
    Operand  進入狀態 29
    Literal  進入狀態 30


狀態 64

   69 AssignmentStmt: Expression MUL_ASSIGN . EL

    ADD        偏移，並進入狀態 1
    SUB        偏移，並進入狀態 2
    NOT        偏移，並進入狀態 3
    INT        偏移，並進入狀態 9
    FLOAT      偏移，並進入狀態 10
    TRUE       偏移，並進入狀態 11
    FALSE      偏移，並進入狀態 12
    INT_LIT    偏移，並進入狀態 14
    FLOAT_LIT  偏移，並進入狀態 15
    ID         偏移，並進入狀態 16
    '('        偏移，並進入狀態 17
    '"'        偏移，並進入狀態 18

    EL       進入狀態 108
    Term     進入狀態 27
    factor   進入狀態 28
    Operand  進入狀態 29
    Literal  進入狀態 30


狀態 65

   70 AssignmentStmt: Expression QUO_ASSIGN . EL

    ADD        偏移，並進入狀態 1
    SUB        偏移，並進入狀態 2
    NOT        偏移，並進入狀態 3
    INT        偏移，並進入狀態 9
    FLOAT      偏移，並進入狀態 10
    TRUE       偏移，並進入狀態 11
    FALSE      偏移，並進入狀態 12
    INT_LIT    偏移，並進入狀態 14
    FLOAT_LIT  偏移，並進入狀態 15
    ID         偏移，並進入狀態 16
    '('        偏移，並進入狀態 17
    '"'        偏移，並進入狀態 18

    EL       進入狀態 109
    Term     進入狀態 27
    factor   進入狀態 28
    Operand  進入狀態 29
    Literal  進入狀態 30


狀態 66

   71 AssignmentStmt: Expression REM_ASSIGN . EL

    ADD        偏移，並進入狀態 1
    SUB        偏移，並進入狀態 2
    NOT        偏移，並進入狀態 3
    INT        偏移，並進入狀態 9
    FLOAT      偏移，並進入狀態 10
    TRUE       偏移，並進入狀態 11
    FALSE      偏移，並進入狀態 12
    INT_LIT    偏移，並進入狀態 14
    FLOAT_LIT  偏移，並進入狀態 15
    ID         偏移，並進入狀態 16
    '('        偏移，並進入狀態 17
    '"'        偏移，並進入狀態 18

    EL       進入狀態 110
    Term     進入狀態 27
    factor   進入狀態 28
    Operand  進入狀態 29
    Literal  進入狀態 30


狀態 67

   25 Expression: Expression LOR . boolexp

    ADD        偏移，並進入狀態 1
    SUB        偏移，並進入狀態 2
    NOT        偏移，並進入狀態 3
    INT        偏移，並進入狀態 9
    FLOAT      偏移，並進入狀態 10
    TRUE       偏移，並進入狀態 11
    FALSE      偏移，並進入狀態 12
    INT_LIT    偏移，並進入狀態 14
    FLOAT_LIT  偏移，並進入狀態 15
    ID         偏移，並進入狀態 16
    '('        偏移，並進入狀態 17
    '"'        偏移，並進入狀態 18

    boolexp     進入狀態 111
    Expression  進入狀態 45
    EL          進入狀態 26
    Term        進入狀態 27
    factor      進入狀態 28
    Operand     進入狀態 29
    Literal     進入狀態 30


狀態 68

   65 AssignmentStmt: Expression $@8 . ASSIGN EL

    ASSIGN  偏移，並進入狀態 112


狀態 69

   67 AssignmentStmt: Expression $@9 . ADD_ASSIGN EL

    ADD_ASSIGN  偏移，並進入狀態 113


狀態 70

   27 EL: EL GTR . Term $@1

    ADD        偏移，並進入狀態 1
    SUB        偏移，並進入狀態 2
    NOT        偏移，並進入狀態 3
    INT        偏移，並進入狀態 9
    FLOAT      偏移，並進入狀態 10
    TRUE       偏移，並進入狀態 11
    FALSE      偏移，並進入狀態 12
    INT_LIT    偏移，並進入狀態 14
    FLOAT_LIT  偏移，並進入狀態 15
    ID         偏移，並進入狀態 16
    '('        偏移，並進入狀態 17
    '"'        偏移，並進入狀態 18

    Term     進入狀態 114
    factor   進入狀態 28
    Operand  進入狀態 29
    Literal  進入狀態 30


狀態 71

   29 EL: EL LSS . Term $@2

    ADD        偏移，並進入狀態 1
    SUB        偏移，並進入狀態 2
    NOT        偏移，並進入狀態 3
    INT        偏移，並進入狀態 9
    FLOAT      偏移，並進入狀態 10
    TRUE       偏移，並進入狀態 11
    FALSE      偏移，並進入狀態 12
    INT_LIT    偏移，並進入狀態 14
    FLOAT_LIT  偏移，並進入狀態 15
    ID         偏移，並進入狀態 16
    '('        偏移，並進入狀態 17
    '"'        偏移，並進入狀態 18

    Term     進入狀態 115
    factor   進入狀態 28
    Operand  進入狀態 29
    Literal  進入狀態 30


狀態 72

   31 EL: EL GEQ . Term $@3

    ADD        偏移，並進入狀態 1
    SUB        偏移，並進入狀態 2
    NOT        偏移，並進入狀態 3
    INT        偏移，並進入狀態 9
    FLOAT      偏移，並進入狀態 10
    TRUE       偏移，並進入狀態 11
    FALSE      偏移，並進入狀態 12
    INT_LIT    偏移，並進入狀態 14
    FLOAT_LIT  偏移，並進入狀態 15
    ID         偏移，並進入狀態 16
    '('        偏移，並進入狀態 17
    '"'        偏移，並進入狀態 18

    Term     進入狀態 116
    factor   進入狀態 28
    Operand  進入狀態 29
    Literal  進入狀態 30


狀態 73

   33 EL: EL LEQ . Term $@4

    ADD        偏移，並進入狀態 1
    SUB        偏移，並進入狀態 2
    NOT        偏移，並進入狀態 3
    INT        偏移，並進入狀態 9
    FLOAT      偏移，並進入狀態 10
    TRUE       偏移，並進入狀態 11
    FALSE      偏移，並進入狀態 12
    INT_LIT    偏移，並進入狀態 14
    FLOAT_LIT  偏移，並進入狀態 15
    ID         偏移，並進入狀態 16
    '('        偏移，並進入狀態 17
    '"'        偏移，並進入狀態 18

    Term     進入狀態 117
    factor   進入狀態 28
    Operand  進入狀態 29
    Literal  進入狀態 30


狀態 74

   35 EL: EL EQL . Term $@5

    ADD        偏移，並進入狀態 1
    SUB        偏移，並進入狀態 2
    NOT        偏移，並進入狀態 3
    INT        偏移，並進入狀態 9
    FLOAT      偏移，並進入狀態 10
    TRUE       偏移，並進入狀態 11
    FALSE      偏移，並進入狀態 12
    INT_LIT    偏移，並進入狀態 14
    FLOAT_LIT  偏移，並進入狀態 15
    ID         偏移，並進入狀態 16
    '('        偏移，並進入狀態 17
    '"'        偏移，並進入狀態 18

    Term     進入狀態 118
    factor   進入狀態 28
    Operand  進入狀態 29
    Literal  進入狀態 30


狀態 75

   37 EL: EL NEQ . Term $@6

    ADD        偏移，並進入狀態 1
    SUB        偏移，並進入狀態 2
    NOT        偏移，並進入狀態 3
    INT        偏移，並進入狀態 9
    FLOAT      偏移，並進入狀態 10
    TRUE       偏移，並進入狀態 11
    FALSE      偏移，並進入狀態 12
    INT_LIT    偏移，並進入狀態 14
    FLOAT_LIT  偏移，並進入狀態 15
    ID         偏移，並進入狀態 16
    '('        偏移，並進入狀態 17
    '"'        偏移，並進入狀態 18

    Term     進入狀態 119
    factor   進入狀態 28
    Operand  進入狀態 29
    Literal  進入狀態 30


狀態 76

   38 EL: EL ADD . Term

    ADD        偏移，並進入狀態 1
    SUB        偏移，並進入狀態 2
    NOT        偏移，並進入狀態 3
    INT        偏移，並進入狀態 9
    FLOAT      偏移，並進入狀態 10
    TRUE       偏移，並進入狀態 11
    FALSE      偏移，並進入狀態 12
    INT_LIT    偏移，並進入狀態 14
    FLOAT_LIT  偏移，並進入狀態 15
    ID         偏移，並進入狀態 16
    '('        偏移，並進入狀態 17
    '"'        偏移，並進入狀態 18

    Term     進入狀態 120
    factor   進入狀態 28
    Operand  進入狀態 29
    Literal  進入狀態 30


狀態 77

   39 EL: EL SUB . Term

    ADD        偏移，並進入狀態 1
    SUB        偏移，並進入狀態 2
    NOT        偏移，並進入狀態 3
    INT        偏移，並進入狀態 9
    FLOAT      偏移，並進入狀態 10
    TRUE       偏移，並進入狀態 11
    FALSE      偏移，並進入狀態 12
    INT_LIT    偏移，並進入狀態 14
    FLOAT_LIT  偏移，並進入狀態 15
    ID         偏移，並進入狀態 16
    '('        偏移，並進入狀態 17
    '"'        偏移，並進入狀態 18

    Term     進入狀態 121
    factor   進入狀態 28
    Operand  進入狀態 29
    Literal  進入狀態 30


狀態 78

   41 Term: Term MUL . factor

    ADD        偏移，並進入狀態 1
    SUB        偏移，並進入狀態 2
    NOT        偏移，並進入狀態 3
    INT        偏移，並進入狀態 9
    FLOAT      偏移，並進入狀態 10
    TRUE       偏移，並進入狀態 11
    FALSE      偏移，並進入狀態 12
    INT_LIT    偏移，並進入狀態 14
    FLOAT_LIT  偏移，並進入狀態 15
    ID         偏移，並進入狀態 16
    '('        偏移，並進入狀態 17
    '"'        偏移，並進入狀態 18

    factor   進入狀態 122
    Operand  進入狀態 29
    Literal  進入狀態 30


狀態 79

   42 Term: Term QUO . factor

    ADD        偏移，並進入狀態 1
    SUB        偏移，並進入狀態 2
    NOT        偏移，並進入狀態 3
    INT        偏移，並進入狀態 9
    FLOAT      偏移，並進入狀態 10
    TRUE       偏移，並進入狀態 11
    FALSE      偏移，並進入狀態 12
    INT_LIT    偏移，並進入狀態 14
    FLOAT_LIT  偏移，並進入狀態 15
    ID         偏移，並進入狀態 16
    '('        偏移，並進入狀態 17
    '"'        偏移，並進入狀態 18

    factor   進入狀態 123
    Operand  進入狀態 29
    Literal  進入狀態 30


狀態 80

   43 Term: Term REM . factor

    ADD        偏移，並進入狀態 1
    SUB        偏移，並進入狀態 2
    NOT        偏移，並進入狀態 3
    INT        偏移，並進入狀態 9
    FLOAT      偏移，並進入狀態 10
    TRUE       偏移，並進入狀態 11
    FALSE      偏移，並進入狀態 12
    INT_LIT    偏移，並進入狀態 14
    FLOAT_LIT  偏移，並進入狀態 15
    ID         偏移，並進入狀態 16
    '('        偏移，並進入狀態 17
    '"'        偏移，並進入狀態 18

    factor   進入狀態 124
    Operand  進入狀態 29
    Literal  進入狀態 30


狀態 81

   52 factor: factor $@7 . '[' Expression ']'

    '['  偏移，並進入狀態 125


狀態 82

    5 Statement: SimpleStmt NEWLINE .

    $預設  使用規則 5 以縮減 (Statement)


狀態 83

    6 Statement: Block NEWLINE .

    $預設  使用規則 6 以縮減 (Statement)


狀態 84

    7 Statement: IfStmt NEWLINE .

    $預設  使用規則 7 以縮減 (Statement)


狀態 85

    8 Statement: ForStmt NEWLINE .

    $預設  使用規則 8 以縮減 (Statement)


狀態 86

    9 Statement: PrintStmt NEWLINE .

    $預設  使用規則 9 以縮減 (Statement)


狀態 87

   22 boolexp: Expression .
   25 Expression: Expression . LOR boolexp
   87 PrintStmt: PRINT '(' Expression . ')'

    LOR  偏移，並進入狀態 67
    ')'  偏移，並進入狀態 126

    $預設  使用規則 22 以縮減 (boolexp)


狀態 88

   22 boolexp: Expression .
   25 Expression: Expression . LOR boolexp
   88 PrintStmt: PRINTLN '(' Expression . ')'

    LOR  偏移，並進入狀態 67
    ')'  偏移，並進入狀態 127

    $預設  使用規則 22 以縮減 (boolexp)


狀態 89

   81 Condition: boolexp $@11 .

    $預設  使用規則 81 以縮減 (Condition)


狀態 90

   77 IfStmt: IF Condition Block .
   78       | IF Condition Block . ELSE Block
   79       | IF Condition Block . ELSE IfStmt

    ELSE  偏移，並進入狀態 128

    $預設  使用規則 77 以縮減 (IfStmt)


狀態 91

   82 ForStmt: FOR Condition Block .

    $預設  使用規則 82 以縮減 (ForStmt)


狀態 92

   83 ForStmt: FOR ForClause Block .

    $預設  使用規則 83 以縮減 (ForStmt)


狀態 93

   84 ForClause: InitStmt ';' . Condition ';' PostStmt

    ADD        偏移，並進入狀態 1
    SUB        偏移，並進入狀態 2
    NOT        偏移，並進入狀態 3
    INT        偏移，並進入狀態 9
    FLOAT      偏移，並進入狀態 10
    TRUE       偏移，並進入狀態 11
    FALSE      偏移，並進入狀態 12
    INT_LIT    偏移，並進入狀態 14
    FLOAT_LIT  偏移，並進入狀態 15
    ID         偏移，並進入狀態 16
    '('        偏移，並進入狀態 17
    '"'        偏移，並進入狀態 18

    boolexp     進入狀態 44
    Expression  進入狀態 45
    EL          進入狀態 26
    Term        進入狀態 27
    factor      進入狀態 28
    Operand     進入狀態 29
    Literal     進入狀態 30
    Condition   進入狀態 129


狀態 94

   46 factor: INT '(' factor . ')'
   52       | factor . $@7 '[' Expression ']'

    ')'  偏移，並進入狀態 130

    $預設  使用規則 51 以縮減 ($@7)

    $@7  進入狀態 81


狀態 95

   47 factor: FLOAT '(' factor . ')'
   52       | factor . $@7 '[' Expression ']'

    ')'  偏移，並進入狀態 131

    $預設  使用規則 51 以縮減 ($@7)

    $@7  進入狀態 81


狀態 96

   17 TypeName: INT .

    $預設  使用規則 17 以縮減 (TypeName)


狀態 97

   18 TypeName: FLOAT .

    $預設  使用規則 18 以縮減 (TypeName)


狀態 98

   20 TypeName: BOOL .

    $預設  使用規則 20 以縮減 (TypeName)


狀態 99

   19 TypeName: STRING .

    $預設  使用規則 19 以縮減 (TypeName)


狀態 100

   21 ArrayType: '[' . Expression ']' Type

    ADD        偏移，並進入狀態 1
    SUB        偏移，並進入狀態 2
    NOT        偏移，並進入狀態 3
    INT        偏移，並進入狀態 9
    FLOAT      偏移，並進入狀態 10
    TRUE       偏移，並進入狀態 11
    FALSE      偏移，並進入狀態 12
    INT_LIT    偏移，並進入狀態 14
    FLOAT_LIT  偏移，並進入狀態 15
    ID         偏移，並進入狀態 16
    '('        偏移，並進入狀態 17
    '"'        偏移，並進入狀態 18

    boolexp     進入狀態 24
    Expression  進入狀態 132
    EL          進入狀態 26
    Term        進入狀態 27
    factor      進入狀態 28
    Operand     進入狀態 29
    Literal     進入狀態 30


狀態 101

   11 DeclatationStmt: VAR ID TypeName .
   12                | VAR ID TypeName . ASSIGN Expression

    ASSIGN  偏移，並進入狀態 133

    $預設  使用規則 11 以縮減 (DeclatationStmt)


狀態 102

   13 DeclatationStmt: VAR ID ArrayType .
   14                | VAR ID ArrayType . ASSIGN Expression

    ASSIGN  偏移，並進入狀態 134

    $預設  使用規則 13 以縮減 (DeclatationStmt)


狀態 103

   55 Operand: '(' Expression ')' .

    $預設  使用規則 55 以縮減 (Operand)


狀態 104

   60 Literal: '"' STRING_LIT '"' .

    $預設  使用規則 60 以縮減 (Literal)


狀態 105

    2 StatementList: StatementList . Statement
   76 Block: '{' $@10 StatementList . '}'

    ADD        偏移，並進入狀態 1
    SUB        偏移，並進入狀態 2
    NOT        偏移，並進入狀態 3
    NEWLINE    偏移，並進入狀態 4
    PRINT      偏移，並進入狀態 5
    PRINTLN    偏移，並進入狀態 6
    IF         偏移，並進入狀態 7
    FOR        偏移，並進入狀態 8
    INT        偏移，並進入狀態 9
    FLOAT      偏移，並進入狀態 10
    TRUE       偏移，並進入狀態 11
    FALSE      偏移，並進入狀態 12
    VAR        偏移，並進入狀態 13
    INT_LIT    偏移，並進入狀態 14
    FLOAT_LIT  偏移，並進入狀態 15
    ID         偏移，並進入狀態 16
    '('        偏移，並進入狀態 17
    '"'        偏移，並進入狀態 18
    '{'        偏移，並進入狀態 19
    '}'        偏移，並進入狀態 135

    Statement        進入狀態 58
    DeclatationStmt  進入狀態 23
    boolexp          進入狀態 24
    Expression       進入狀態 25
    EL               進入狀態 26
    Term             進入狀態 27
    factor           進入狀態 28
    Operand          進入狀態 29
    Literal          進入狀態 30
    SimpleStmt       進入狀態 31
    AssignmentStmt   進入狀態 32
    ExpressionStmt   進入狀態 33
    IncDecStmt       進入狀態 34
    Block            進入狀態 35
    IfStmt           進入狀態 36
    ForStmt          進入狀態 37
    PrintStmt        進入狀態 38


狀態 106

   22 boolexp: Expression .
   24 Expression: boolexp LAND Expression .
   25           | Expression . LOR boolexp

    LOR  偏移，並進入狀態 67

    LAND     使用規則 22 以縮減 (boolexp)
    LAND     [使用規則 24 以縮減 (Expression)]
    LOR      [使用規則 24 以縮減 (Expression)]
    $預設  使用規則 24 以縮減 (Expression)


狀態 107

   27 EL: EL . GTR Term $@1
   29   | EL . LSS Term $@2
   31   | EL . GEQ Term $@3
   33   | EL . LEQ Term $@4
   35   | EL . EQL Term $@5
   37   | EL . NEQ Term $@6
   38   | EL . ADD Term
   39   | EL . SUB Term
   68 AssignmentStmt: Expression SUB_ASSIGN EL .

    GTR  偏移，並進入狀態 70
    LSS  偏移，並進入狀態 71
    GEQ  偏移，並進入狀態 72
    LEQ  偏移，並進入狀態 73
    EQL  偏移，並進入狀態 74
    NEQ  偏移，並進入狀態 75
    ADD  偏移，並進入狀態 76
    SUB  偏移，並進入狀態 77

    $預設  使用規則 68 以縮減 (AssignmentStmt)


狀態 108

   27 EL: EL . GTR Term $@1
   29   | EL . LSS Term $@2
   31   | EL . GEQ Term $@3
   33   | EL . LEQ Term $@4
   35   | EL . EQL Term $@5
   37   | EL . NEQ Term $@6
   38   | EL . ADD Term
   39   | EL . SUB Term
   69 AssignmentStmt: Expression MUL_ASSIGN EL .

    GTR  偏移，並進入狀態 70
    LSS  偏移，並進入狀態 71
    GEQ  偏移，並進入狀態 72
    LEQ  偏移，並進入狀態 73
    EQL  偏移，並進入狀態 74
    NEQ  偏移，並進入狀態 75
    ADD  偏移，並進入狀態 76
    SUB  偏移，並進入狀態 77

    $預設  使用規則 69 以縮減 (AssignmentStmt)


狀態 109

   27 EL: EL . GTR Term $@1
   29   | EL . LSS Term $@2
   31   | EL . GEQ Term $@3
   33   | EL . LEQ Term $@4
   35   | EL . EQL Term $@5
   37   | EL . NEQ Term $@6
   38   | EL . ADD Term
   39   | EL . SUB Term
   70 AssignmentStmt: Expression QUO_ASSIGN EL .

    GTR  偏移，並進入狀態 70
    LSS  偏移，並進入狀態 71
    GEQ  偏移，並進入狀態 72
    LEQ  偏移，並進入狀態 73
    EQL  偏移，並進入狀態 74
    NEQ  偏移，並進入狀態 75
    ADD  偏移，並進入狀態 76
    SUB  偏移，並進入狀態 77

    $預設  使用規則 70 以縮減 (AssignmentStmt)


狀態 110

   27 EL: EL . GTR Term $@1
   29   | EL . LSS Term $@2
   31   | EL . GEQ Term $@3
   33   | EL . LEQ Term $@4
   35   | EL . EQL Term $@5
   37   | EL . NEQ Term $@6
   38   | EL . ADD Term
   39   | EL . SUB Term
   71 AssignmentStmt: Expression REM_ASSIGN EL .

    GTR  偏移，並進入狀態 70
    LSS  偏移，並進入狀態 71
    GEQ  偏移，並進入狀態 72
    LEQ  偏移，並進入狀態 73
    EQL  偏移，並進入狀態 74
    NEQ  偏移，並進入狀態 75
    ADD  偏移，並進入狀態 76
    SUB  偏移，並進入狀態 77

    $預設  使用規則 71 以縮減 (AssignmentStmt)


狀態 111

   24 Expression: boolexp . LAND Expression
   25           | Expression LOR boolexp .

    LAND  偏移，並進入狀態 60

    LAND     [使用規則 25 以縮減 (Expression)]
    $預設  使用規則 25 以縮減 (Expression)


狀態 112

   65 AssignmentStmt: Expression $@8 ASSIGN . EL

    ADD        偏移，並進入狀態 1
    SUB        偏移，並進入狀態 2
    NOT        偏移，並進入狀態 3
    INT        偏移，並進入狀態 9
    FLOAT      偏移，並進入狀態 10
    TRUE       偏移，並進入狀態 11
    FALSE      偏移，並進入狀態 12
    INT_LIT    偏移，並進入狀態 14
    FLOAT_LIT  偏移，並進入狀態 15
    ID         偏移，並進入狀態 16
    '('        偏移，並進入狀態 17
    '"'        偏移，並進入狀態 18

    EL       進入狀態 136
    Term     進入狀態 27
    factor   進入狀態 28
    Operand  進入狀態 29
    Literal  進入狀態 30


狀態 113

   67 AssignmentStmt: Expression $@9 ADD_ASSIGN . EL

    ADD        偏移，並進入狀態 1
    SUB        偏移，並進入狀態 2
    NOT        偏移，並進入狀態 3
    INT        偏移，並進入狀態 9
    FLOAT      偏移，並進入狀態 10
    TRUE       偏移，並進入狀態 11
    FALSE      偏移，並進入狀態 12
    INT_LIT    偏移，並進入狀態 14
    FLOAT_LIT  偏移，並進入狀態 15
    ID         偏移，並進入狀態 16
    '('        偏移，並進入狀態 17
    '"'        偏移，並進入狀態 18

    EL       進入狀態 137
    Term     進入狀態 27
    factor   進入狀態 28
    Operand  進入狀態 29
    Literal  進入狀態 30


狀態 114

   27 EL: EL GTR Term . $@1
   41 Term: Term . MUL factor
   42     | Term . QUO factor
   43     | Term . REM factor

    MUL  偏移，並進入狀態 78
    QUO  偏移，並進入狀態 79
    REM  偏移，並進入狀態 80

    $預設  使用規則 26 以縮減 ($@1)

    $@1  進入狀態 138


狀態 115

   29 EL: EL LSS Term . $@2
   41 Term: Term . MUL factor
   42     | Term . QUO factor
   43     | Term . REM factor

    MUL  偏移，並進入狀態 78
    QUO  偏移，並進入狀態 79
    REM  偏移，並進入狀態 80

    $預設  使用規則 28 以縮減 ($@2)

    $@2  進入狀態 139


狀態 116

   31 EL: EL GEQ Term . $@3
   41 Term: Term . MUL factor
   42     | Term . QUO factor
   43     | Term . REM factor

    MUL  偏移，並進入狀態 78
    QUO  偏移，並進入狀態 79
    REM  偏移，並進入狀態 80

    $預設  使用規則 30 以縮減 ($@3)

    $@3  進入狀態 140


狀態 117

   33 EL: EL LEQ Term . $@4
   41 Term: Term . MUL factor
   42     | Term . QUO factor
   43     | Term . REM factor

    MUL  偏移，並進入狀態 78
    QUO  偏移，並進入狀態 79
    REM  偏移，並進入狀態 80

    $預設  使用規則 32 以縮減 ($@4)

    $@4  進入狀態 141


狀態 118

   35 EL: EL EQL Term . $@5
   41 Term: Term . MUL factor
   42     | Term . QUO factor
   43     | Term . REM factor

    MUL  偏移，並進入狀態 78
    QUO  偏移，並進入狀態 79
    REM  偏移，並進入狀態 80

    $預設  使用規則 34 以縮減 ($@5)

    $@5  進入狀態 142


狀態 119

   37 EL: EL NEQ Term . $@6
   41 Term: Term . MUL factor
   42     | Term . QUO factor
   43     | Term . REM factor

    MUL  偏移，並進入狀態 78
    QUO  偏移，並進入狀態 79
    REM  偏移，並進入狀態 80

    $預設  使用規則 36 以縮減 ($@6)

    $@6  進入狀態 143


狀態 120

   38 EL: EL ADD Term .
   41 Term: Term . MUL factor
   42     | Term . QUO factor
   43     | Term . REM factor

    MUL  偏移，並進入狀態 78
    QUO  偏移，並進入狀態 79
    REM  偏移，並進入狀態 80

    $預設  使用規則 38 以縮減 (EL)


狀態 121

   39 EL: EL SUB Term .
   41 Term: Term . MUL factor
   42     | Term . QUO factor
   43     | Term . REM factor

    MUL  偏移，並進入狀態 78
    QUO  偏移，並進入狀態 79
    REM  偏移，並進入狀態 80

    $預設  使用規則 39 以縮減 (EL)


狀態 122

   41 Term: Term MUL factor .
   52 factor: factor . $@7 '[' Expression ']'

    '['      使用規則 51 以縮減 ($@7)
    $預設  使用規則 41 以縮減 (Term)

    $@7  進入狀態 81


狀態 123

   42 Term: Term QUO factor .
   52 factor: factor . $@7 '[' Expression ']'

    '['      使用規則 51 以縮減 ($@7)
    $預設  使用規則 42 以縮減 (Term)

    $@7  進入狀態 81


狀態 124

   43 Term: Term REM factor .
   52 factor: factor . $@7 '[' Expression ']'

    '['      使用規則 51 以縮減 ($@7)
    $預設  使用規則 43 以縮減 (Term)

    $@7  進入狀態 81


狀態 125

   52 factor: factor $@7 '[' . Expression ']'

    ADD        偏移，並進入狀態 1
    SUB        偏移，並進入狀態 2
    NOT        偏移，並進入狀態 3
    INT        偏移，並進入狀態 9
    FLOAT      偏移，並進入狀態 10
    TRUE       偏移，並進入狀態 11
    FALSE      偏移，並進入狀態 12
    INT_LIT    偏移，並進入狀態 14
    FLOAT_LIT  偏移，並進入狀態 15
    ID         偏移，並進入狀態 16
    '('        偏移，並進入狀態 17
    '"'        偏移，並進入狀態 18

    boolexp     進入狀態 24
    Expression  進入狀態 144
    EL          進入狀態 26
    Term        進入狀態 27
    factor      進入狀態 28
    Operand     進入狀態 29
    Literal     進入狀態 30


狀態 126

   87 PrintStmt: PRINT '(' Expression ')' .

    $預設  使用規則 87 以縮減 (PrintStmt)


狀態 127

   88 PrintStmt: PRINTLN '(' Expression ')' .

    $預設  使用規則 88 以縮減 (PrintStmt)


狀態 128

   78 IfStmt: IF Condition Block ELSE . Block
   79       | IF Condition Block ELSE . IfStmt

    IF   偏移，並進入狀態 7
    '{'  偏移，並進入狀態 19

    Block   進入狀態 145
    IfStmt  進入狀態 146


狀態 129

   84 ForClause: InitStmt ';' Condition . ';' PostStmt

    ';'  偏移，並進入狀態 147


狀態 130

   46 factor: INT '(' factor ')' .

    $預設  使用規則 46 以縮減 (factor)


狀態 131

   47 factor: FLOAT '(' factor ')' .

    $預設  使用規則 47 以縮減 (factor)


狀態 132

   21 ArrayType: '[' Expression . ']' Type
   22 boolexp: Expression .
   25 Expression: Expression . LOR boolexp

    LOR  偏移，並進入狀態 67
    ']'  偏移，並進入狀態 148

    $預設  使用規則 22 以縮減 (boolexp)


狀態 133

   12 DeclatationStmt: VAR ID TypeName ASSIGN . Expression

    ADD        偏移，並進入狀態 1
    SUB        偏移，並進入狀態 2
    NOT        偏移，並進入狀態 3
    INT        偏移，並進入狀態 9
    FLOAT      偏移，並進入狀態 10
    TRUE       偏移，並進入狀態 11
    FALSE      偏移，並進入狀態 12
    INT_LIT    偏移，並進入狀態 14
    FLOAT_LIT  偏移，並進入狀態 15
    ID         偏移，並進入狀態 16
    '('        偏移，並進入狀態 17
    '"'        偏移，並進入狀態 18

    boolexp     進入狀態 24
    Expression  進入狀態 149
    EL          進入狀態 26
    Term        進入狀態 27
    factor      進入狀態 28
    Operand     進入狀態 29
    Literal     進入狀態 30


狀態 134

   14 DeclatationStmt: VAR ID ArrayType ASSIGN . Expression

    ADD        偏移，並進入狀態 1
    SUB        偏移，並進入狀態 2
    NOT        偏移，並進入狀態 3
    INT        偏移，並進入狀態 9
    FLOAT      偏移，並進入狀態 10
    TRUE       偏移，並進入狀態 11
    FALSE      偏移，並進入狀態 12
    INT_LIT    偏移，並進入狀態 14
    FLOAT_LIT  偏移，並進入狀態 15
    ID         偏移，並進入狀態 16
    '('        偏移，並進入狀態 17
    '"'        偏移，並進入狀態 18

    boolexp     進入狀態 24
    Expression  進入狀態 150
    EL          進入狀態 26
    Term        進入狀態 27
    factor      進入狀態 28
    Operand     進入狀態 29
    Literal     進入狀態 30


狀態 135

   76 Block: '{' $@10 StatementList '}' .

    $預設  使用規則 76 以縮減 (Block)


狀態 136

   27 EL: EL . GTR Term $@1
   29   | EL . LSS Term $@2
   31   | EL . GEQ Term $@3
   33   | EL . LEQ Term $@4
   35   | EL . EQL Term $@5
   37   | EL . NEQ Term $@6
   38   | EL . ADD Term
   39   | EL . SUB Term
   65 AssignmentStmt: Expression $@8 ASSIGN EL .

    GTR  偏移，並進入狀態 70
    LSS  偏移，並進入狀態 71
    GEQ  偏移，並進入狀態 72
    LEQ  偏移，並進入狀態 73
    EQL  偏移，並進入狀態 74
    NEQ  偏移，並進入狀態 75
    ADD  偏移，並進入狀態 76
    SUB  偏移，並進入狀態 77

    $預設  使用規則 65 以縮減 (AssignmentStmt)


狀態 137

   27 EL: EL . GTR Term $@1
   29   | EL . LSS Term $@2
   31   | EL . GEQ Term $@3
   33   | EL . LEQ Term $@4
   35   | EL . EQL Term $@5
   37   | EL . NEQ Term $@6
   38   | EL . ADD Term
   39   | EL . SUB Term
   67 AssignmentStmt: Expression $@9 ADD_ASSIGN EL .

    GTR  偏移，並進入狀態 70
    LSS  偏移，並進入狀態 71
    GEQ  偏移，並進入狀態 72
    LEQ  偏移，並進入狀態 73
    EQL  偏移，並進入狀態 74
    NEQ  偏移，並進入狀態 75
    ADD  偏移，並進入狀態 76
    SUB  偏移，並進入狀態 77

    $預設  使用規則 67 以縮減 (AssignmentStmt)


狀態 138

   27 EL: EL GTR Term $@1 .

    $預設  使用規則 27 以縮減 (EL)


狀態 139

   29 EL: EL LSS Term $@2 .

    $預設  使用規則 29 以縮減 (EL)


狀態 140

   31 EL: EL GEQ Term $@3 .

    $預設  使用規則 31 以縮減 (EL)


狀態 141

   33 EL: EL LEQ Term $@4 .

    $預設  使用規則 33 以縮減 (EL)


狀態 142

   35 EL: EL EQL Term $@5 .

    $預設  使用規則 35 以縮減 (EL)


狀態 143

   37 EL: EL NEQ Term $@6 .

    $預設  使用規則 37 以縮減 (EL)


狀態 144

   22 boolexp: Expression .
   25 Expression: Expression . LOR boolexp
   52 factor: factor $@7 '[' Expression . ']'

    LOR  偏移，並進入狀態 67
    ']'  偏移，並進入狀態 151

    $預設  使用規則 22 以縮減 (boolexp)


狀態 145

   78 IfStmt: IF Condition Block ELSE Block .

    $預設  使用規則 78 以縮減 (IfStmt)


狀態 146

   79 IfStmt: IF Condition Block ELSE IfStmt .

    $預設  使用規則 79 以縮減 (IfStmt)


狀態 147

   84 ForClause: InitStmt ';' Condition ';' . PostStmt

    ADD        偏移，並進入狀態 1
    SUB        偏移，並進入狀態 2
    NOT        偏移，並進入狀態 3
    INT        偏移，並進入狀態 9
    FLOAT      偏移，並進入狀態 10
    TRUE       偏移，並進入狀態 11
    FALSE      偏移，並進入狀態 12
    INT_LIT    偏移，並進入狀態 14
    FLOAT_LIT  偏移，並進入狀態 15
    ID         偏移，並進入狀態 16
    '('        偏移，並進入狀態 17
    '"'        偏移，並進入狀態 18

    boolexp         進入狀態 24
    Expression      進入狀態 25
    EL              進入狀態 26
    Term            進入狀態 27
    factor          進入狀態 28
    Operand         進入狀態 29
    Literal         進入狀態 30
    SimpleStmt      進入狀態 152
    AssignmentStmt  進入狀態 32
    ExpressionStmt  進入狀態 33
    IncDecStmt      進入狀態 34
    PostStmt        進入狀態 153


狀態 148

   21 ArrayType: '[' Expression ']' . Type

    INT     偏移，並進入狀態 96
    FLOAT   偏移，並進入狀態 97
    BOOL    偏移，並進入狀態 98
    STRING  偏移，並進入狀態 99
    '['     偏移，並進入狀態 100

    Type       進入狀態 154
    TypeName   進入狀態 155
    ArrayType  進入狀態 156


狀態 149

   12 DeclatationStmt: VAR ID TypeName ASSIGN Expression .
   22 boolexp: Expression .
   25 Expression: Expression . LOR boolexp

    LOR  偏移，並進入狀態 67

    LAND     使用規則 22 以縮減 (boolexp)
    $預設  使用規則 12 以縮減 (DeclatationStmt)


狀態 150

   14 DeclatationStmt: VAR ID ArrayType ASSIGN Expression .
   22 boolexp: Expression .
   25 Expression: Expression . LOR boolexp

    LOR  偏移，並進入狀態 67

    LAND     使用規則 22 以縮減 (boolexp)
    $預設  使用規則 14 以縮減 (DeclatationStmt)


狀態 151

   52 factor: factor $@7 '[' Expression ']' .

    $預設  使用規則 52 以縮減 (factor)


狀態 152

   86 PostStmt: SimpleStmt .

    $預設  使用規則 86 以縮減 (PostStmt)


狀態 153

   84 ForClause: InitStmt ';' Condition ';' PostStmt .

    $預設  使用規則 84 以縮減 (ForClause)


狀態 154

   21 ArrayType: '[' Expression ']' Type .

    $預設  使用規則 21 以縮減 (ArrayType)


狀態 155

   15 Type: TypeName .

    $預設  使用規則 15 以縮減 (Type)


狀態 156

   16 Type: ArrayType .

    $預設  使用規則 16 以縮減 (Type)
